<?xml version="1.0" encoding="UTF-8"?>
<!-- Generated by org.testng.reporters.JUnitReportReporter -->
<testsuite hostname="01250LT2368" name="testCase.TestCaseforVerifySearchModule" tests="15" failures="0" timestamp="22 Jan 2016 17:52:48 GMT" time="54.158" errors="0">
  <testcase name="clickNameTab" time="2.395" classname="testCase.TestCaseforVerifySearchModule"/>
  <testcase name="clickSearchList" time="1.905" classname="testCase.TestCaseforVerifySearchModule"/>
  <testcase name="clickNameTab" time="2.429" classname="testCase.TestCaseforVerifySearchModule"/>
  <testcase name="clickSearchList" time="0.962" classname="testCase.TestCaseforVerifySearchModule"/>
  <testcase name="clickNameTab" time="3.691" classname="testCase.TestCaseforVerifySearchModule"/>
  <testcase name="loging" time="5.930" classname="testCase.TestCaseforVerifySearchModule"/>
  <testcase name="openMemberProfile" time="5.797" classname="testCase.TestCaseforVerifySearchModule"/>
  <testcase name="loging" time="5.361" classname="testCase.TestCaseforVerifySearchModule"/>
  <testcase name="clickSearchList" time="0.853" classname="testCase.TestCaseforVerifySearchModule"/>
  <testcase name="loging" time="4.810" classname="testCase.TestCaseforVerifySearchModule"/>
  <testcase name="membersSearchByName" time="5.048" classname="testCase.TestCaseforVerifySearchModule"/>
  <testcase name="membersSearchByName" time="4.387" classname="testCase.TestCaseforVerifySearchModule"/>
  <testcase name="membersSearchByName" time="4.333" classname="testCase.TestCaseforVerifySearchModule"/>
  <testcase name="openMemberProfile" time="2.870" classname="testCase.TestCaseforVerifySearchModule"/>
  <testcase name="openMemberProfile" time="3.387" classname="testCase.TestCaseforVerifySearchModule"/>
</testsuite> <!-- testCase.TestCaseforVerifySearchModule -->
